round is 0
Round is: 0, Type is: Open, Final train loss is: 0.05893668206641104, Test loss is: 0.20050936427814042, target is: 20.670000076293945
[19.70231]
round is 1
Round is: 1, Type is: Open, Final train loss is: 0.05217918060817484, Test loss is: 0.21739634691876147, target is: 20.670000076293945
[20.787125]
round is 2
Round is: 2, Type is: Open, Final train loss is: 0.0629547258575716, Test loss is: 0.041017295571104416, target is: 20.670000076293945
[19.308372]
round is 3
20.199167
Type: Open, round: 3, Epoch 64, train loss: 0.048497596549651294 test loss: 0.22823390455725268, target is 20.670000076293945
19.86875
Type: Open, round: 3, Epoch 65, train loss: 0.04630989249337119 test loss: 0.2291977099083254, target is 20.670000076293945
20.910345
Type: Open, round: 3, Epoch 68, train loss: 0.04961463720091942 test loss: 0.24312729155335747, target is 20.670000076293945
20.371872
Type: Open, round: 3, Epoch 75, train loss: 0.045283047714967134 test loss: 0.24137791518874285, target is 20.670000076293945
20.374187
Type: Open, round: 3, Epoch 93, train loss: 0.045271572068724515 test loss: 0.22298992039080429, target is 20.670000076293945
20.077787
Type: Open, round: 3, Epoch 94, train loss: 0.04302381747549652 test loss: 0.23005652546728209, target is 20.670000076293945
20.117079
Type: Open, round: 3, Epoch 96, train loss: 0.04343754796600123 test loss: 0.22585735056647066, target is 20.670000076293945
20.497515
Type: Open, round: 3, Epoch 98, train loss: 0.04858614889015464 test loss: 0.2335699210129788, target is 20.670000076293945
20.79277
Type: Open, round: 3, Epoch 100, train loss: 0.04856260555070831 test loss: 0.23728696469608704, target is 20.670000076293945
19.75981
Type: Open, round: 3, Epoch 102, train loss: 0.04204735021371852 test loss: 0.23501715734176756, target is 20.670000076293945
20.052525
Type: Open, round: 3, Epoch 104, train loss: 0.04271335712710959 test loss: 0.23342080077492028, target is 20.670000076293945
19.641933
Type: Open, round: 3, Epoch 106, train loss: 0.0432074394013495 test loss: 0.23694187210555664, target is 20.670000076293945
20.336237
Type: Open, round: 3, Epoch 107, train loss: 0.04360019684583402 test loss: 0.23914161124392702, target is 20.670000076293945
19.39397
Type: Open, round: 3, Epoch 114, train loss: 0.04876487512607211 test loss: 0.2366780758845951, target is 20.670000076293945
20.321323
Type: Open, round: 3, Epoch 115, train loss: 0.042603724542605734 test loss: 0.2448430756348877, target is 20.670000076293945
20.143414
Type: Open, round: 3, Epoch 116, train loss: 0.041634592070902025 test loss: 0.24276514424684292, target is 20.670000076293945
20.419989
Type: Open, round: 3, Epoch 117, train loss: 0.04954389902338312 test loss: 0.2488962180182737, target is 20.670000076293945
19.553171
Type: Open, round: 3, Epoch 118, train loss: 0.04446586848262213 test loss: 0.23448175385860226, target is 20.670000076293945
19.829536
Type: Open, round: 3, Epoch 121, train loss: 0.04184646715204104 test loss: 0.23398951112410588, target is 20.670000076293945
20.799858
Type: Open, round: 3, Epoch 127, train loss: 0.043563909493077896 test loss: 0.244439830103221, target is 20.670000076293945
20.223286
Type: Open, round: 3, Epoch 128, train loss: 0.04128015251157446 test loss: 0.2397138693583618, target is 20.670000076293945
20.056772
Type: Open, round: 3, Epoch 130, train loss: 0.04155527465601509 test loss: 0.23805710569449354, target is 20.670000076293945
20.024662
Type: Open, round: 3, Epoch 131, train loss: 0.043149468596536435 test loss: 0.23760884895221773, target is 20.670000076293945
20.446913
Type: Open, round: 3, Epoch 132, train loss: 0.04597363467537385 test loss: 0.2463850470719729, target is 20.670000076293945
19.91817
Type: Open, round: 3, Epoch 133, train loss: 0.04020006191101344 test loss: 0.2403664147893682, target is 20.670000076293945
20.665525
Type: Open, round: 3, Epoch 134, train loss: 0.04679733888760588 test loss: 0.24347792839121882, target is 20.670000076293945
20.837328
Type: Open, round: 3, Epoch 138, train loss: 0.047629634618702385 test loss: 0.24811040740006027, target is 20.670000076293945
19.877193
Type: Open, round: 3, Epoch 139, train loss: 0.04230961603991066 test loss: 0.24401677026145405, target is 20.670000076293945
19.282707
Type: Open, round: 3, Epoch 145, train loss: 0.0476718461869348 test loss: 0.24376894415044784, target is 20.670000076293945
19.980684
Type: Open, round: 3, Epoch 146, train loss: 0.04111312337966637 test loss: 0.24837600382680597, target is 20.670000076293945
19.876015
Type: Open, round: 3, Epoch 147, train loss: 0.03994975908809012 test loss: 0.24202544117450794, target is 20.670000076293945
20.075935
Type: Open, round: 3, Epoch 148, train loss: 0.04105292268961255 test loss: 0.24531207491401805, target is 20.670000076293945
19.625727
Type: Open, round: 3, Epoch 151, train loss: 0.04676500558064489 test loss: 0.23922606149361048, target is 20.670000076293945
20.391869
Type: Open, round: 3, Epoch 152, train loss: 0.0393555048750098 test loss: 0.24156567465380605, target is 20.670000076293945
20.19506
Type: Open, round: 3, Epoch 153, train loss: 0.04035376079737077 test loss: 0.23374296758156993, target is 20.670000076293945
20.030855
Type: Open, round: 3, Epoch 154, train loss: 0.03888256184677934 test loss: 0.2383544858538302, target is 20.670000076293945
19.498672
Type: Open, round: 3, Epoch 155, train loss: 0.047794618286313255 test loss: 0.23656284618329637, target is 20.670000076293945
20.50501
Type: Open, round: 3, Epoch 157, train loss: 0.048111146090522104 test loss: 0.24706497339864336, target is 20.670000076293945
20.075314
Type: Open, round: 3, Epoch 158, train loss: 0.04631095274168604 test loss: 0.2393702998445042, target is 20.670000076293945
19.508995
Type: Open, round: 3, Epoch 161, train loss: 0.04071171754575238 test loss: 0.23687078184679217, target is 20.670000076293945
19.590734
Type: Open, round: 3, Epoch 162, train loss: 0.04374188586888962 test loss: 0.23995636303575893, target is 20.670000076293945
19.940609
Type: Open, round: 3, Epoch 163, train loss: 0.039963222947092675 test loss: 0.2404297658554368, target is 20.670000076293945
19.86932
Type: Open, round: 3, Epoch 164, train loss: 0.03815587514588013 test loss: 0.24370261201102497, target is 20.670000076293945
19.297216
Type: Open, round: 3, Epoch 166, train loss: 0.0484489199501866 test loss: 0.2354486357506755, target is 20.670000076293945
19.829105
Type: Open, round: 3, Epoch 168, train loss: 0.04411995654424448 test loss: 0.2403705693358845, target is 20.670000076293945
19.768744
Type: Open, round: 3, Epoch 172, train loss: 0.03932883037633546 test loss: 0.23714209373154055, target is 20.670000076293945
19.722076
Type: Open, round: 3, Epoch 173, train loss: 0.04137676190750186 test loss: 0.23945364112054682, target is 20.670000076293945
19.924147
Type: Open, round: 3, Epoch 178, train loss: 0.0388004109274076 test loss: 0.24492102793965642, target is 20.670000076293945
19.620068
Type: Open, round: 3, Epoch 180, train loss: 0.039805101283785664 test loss: 0.24212404385057193, target is 20.670000076293945
19.35089
Type: Open, round: 3, Epoch 181, train loss: 0.04911534119332064 test loss: 0.23617323298636964, target is 20.670000076293945
20.194857
Type: Open, round: 3, Epoch 184, train loss: 0.04538214223051349 test loss: 0.24046470625930716, target is 20.670000076293945
19.50945
Type: Open, round: 3, Epoch 185, train loss: 0.04440853791683392 test loss: 0.23447141904931224, target is 20.670000076293945
20.194689
Type: Open, round: 3, Epoch 186, train loss: 0.03913026310237472 test loss: 0.23754231863377467, target is 20.670000076293945
19.903093
Type: Open, round: 3, Epoch 189, train loss: 0.039759405516453614 test loss: 0.23249050944737995, target is 20.670000076293945
19.859047
Type: Open, round: 3, Epoch 194, train loss: 0.0375314689922787 test loss: 0.23604683699624407, target is 20.670000076293945
20.424526
Type: Open, round: 3, Epoch 195, train loss: 0.04057058355431727 test loss: 0.23835846229948007, target is 20.670000076293945
19.94933
Type: Open, round: 3, Epoch 198, train loss: 0.042091708355820996 test loss: 0.243232992037732, target is 20.670000076293945
20.109158
Type: Open, round: 3, Epoch 199, train loss: 0.040038145802958044 test loss: 0.23990693898985138, target is 20.670000076293945
19.629501
Type: Open, round: 3, Epoch 200, train loss: 0.041617412097788346 test loss: 0.23765589754162744, target is 20.670000076293945
19.785456
Type: Open, round: 3, Epoch 201, train loss: 0.040634294435219084 test loss: 0.2389561180089732, target is 20.670000076293945
19.622066
Type: Open, round: 3, Epoch 205, train loss: 0.041280615564779986 test loss: 0.2256330506293502, target is 20.670000076293945
20.573812
Type: Open, round: 3, Epoch 206, train loss: 0.04702997645435416 test loss: 0.23869862508006262, target is 20.670000076293945
19.737406
Type: Open, round: 3, Epoch 209, train loss: 0.03858529157759712 test loss: 0.23197333534354073, target is 20.670000076293945
19.293438
Type: Open, round: 3, Epoch 210, train loss: 0.044666762227651625 test loss: 0.23319523623561636, target is 20.670000076293945
20.003006
Type: Open, round: 3, Epoch 211, train loss: 0.037817550952874576 test loss: 0.23877292786533166, target is 20.670000076293945
20.111864
Type: Open, round: 3, Epoch 214, train loss: 0.04261990369387664 test loss: 0.23423904895184114, target is 20.670000076293945
20.56896
Type: Open, round: 3, Epoch 215, train loss: 0.04749370011080205 test loss: 0.23978888443835697, target is 20.670000076293945
19.494236
Type: Open, round: 3, Epoch 216, train loss: 0.03940857500548739 test loss: 0.23556581251035905, target is 20.670000076293945
20.039927
Type: Open, round: 3, Epoch 217, train loss: 0.03951461889789797 test loss: 0.23799712195983638, target is 20.670000076293945
20.320557
Type: Open, round: 3, Epoch 219, train loss: 0.039284202044766986 test loss: 0.23739273012002446, target is 20.670000076293945
19.958511
Type: Open, round: 3, Epoch 220, train loss: 0.03901578893188593 test loss: 0.23735533678632328, target is 20.670000076293945
19.911894
Type: Open, round: 3, Epoch 221, train loss: 0.03820682979952106 test loss: 0.23626859561457092, target is 20.670000076293945
19.787365
Type: Open, round: 3, Epoch 222, train loss: 0.037001006412931574 test loss: 0.23748703527076356, target is 20.670000076293945
19.833784
Type: Open, round: 3, Epoch 223, train loss: 0.03926111133872446 test loss: 0.23451931372053472, target is 20.670000076293945
19.804499
Type: Open, round: 3, Epoch 224, train loss: 0.036907467967343906 test loss: 0.23651144878794955, target is 20.670000076293945
20.114233
Type: Open, round: 3, Epoch 225, train loss: 0.03890326516429624 test loss: 0.24202155727660188, target is 20.670000076293945
19.138222
Type: Open, round: 3, Epoch 227, train loss: 0.048664439013537786 test loss: 0.23099426745705284, target is 20.670000076293945
19.920355
Type: Open, round: 3, Epoch 229, train loss: 0.03652360624654103 test loss: 0.2317678390799498, target is 20.670000076293945
19.393381
Type: Open, round: 3, Epoch 230, train loss: 0.049893627498993495 test loss: 0.2212640012801658, target is 20.670000076293945
19.685335
Type: Open, round: 3, Epoch 232, train loss: 0.04464133383432322 test loss: 0.22423925704205697, target is 20.670000076293945
20.378187
Type: Open, round: 3, Epoch 233, train loss: 0.038309600672119956 test loss: 0.22995772841328824, target is 20.670000076293945
20.110508
Type: Open, round: 3, Epoch 234, train loss: 0.036461584689195976 test loss: 0.23111450593256802, target is 20.670000076293945
19.754465
Type: Open, round: 3, Epoch 235, train loss: 0.036707203835648516 test loss: 0.22851152858667653, target is 20.670000076293945
19.8898
Type: Open, round: 3, Epoch 236, train loss: 0.03749836249762954 test loss: 0.22814881178863203, target is 20.670000076293945
19.671165
Type: Open, round: 3, Epoch 237, train loss: 0.03755310095436204 test loss: 0.2333573474557385, target is 20.670000076293945
19.849047
Type: Open, round: 3, Epoch 238, train loss: 0.03679735633301871 test loss: 0.22659487840663564, target is 20.670000076293945
19.84795
Type: Open, round: 3, Epoch 240, train loss: 0.03615303639787127 test loss: 0.22767421611216979, target is 20.670000076293945
20.71529
Type: Open, round: 3, Epoch 241, train loss: 0.04541724580198642 test loss: 0.23562078359465485, target is 20.670000076293945
20.243095
Type: Open, round: 3, Epoch 243, train loss: 0.04096005238763661 test loss: 0.23063364195686656, target is 20.670000076293945
19.664335
Type: Open, round: 3, Epoch 244, train loss: 0.0379820180003806 test loss: 0.2250382823374192, target is 20.670000076293945
20.050503
Type: Open, round: 3, Epoch 246, train loss: 0.04006108894915852 test loss: 0.23248971090239473, target is 20.670000076293945
19.676306
Type: Open, round: 3, Epoch 250, train loss: 0.03984114099762831 test loss: 0.21819831732284997, target is 20.670000076293945
20.175789
Type: Open, round: 3, Epoch 251, train loss: 0.04015637142919552 test loss: 0.22385691669665267, target is 20.670000076293945
20.036987
Type: Open, round: 3, Epoch 253, train loss: 0.037317677145898336 test loss: 0.22201600510122274, target is 20.670000076293945
19.505901
Type: Open, round: 3, Epoch 254, train loss: 0.042971453176595335 test loss: 0.22086812299976266, target is 20.670000076293945
20.081747
Type: Open, round: 3, Epoch 255, train loss: 0.036042436334380645 test loss: 0.22165883750604407, target is 20.670000076293945
19.613203
Type: Open, round: 3, Epoch 258, train loss: 0.03848399011001764 test loss: 0.22545760198660209, target is 20.670000076293945
19.280636
Type: Open, round: 3, Epoch 259, train loss: 0.044584070004737325 test loss: 0.22340218526114414, target is 20.670000076293945
20.089981
Type: Open, round: 3, Epoch 260, train loss: 0.036325963542886905 test loss: 0.23054302658380996, target is 20.670000076293945
19.267832
Type: Open, round: 3, Epoch 262, train loss: 0.04653808805392203 test loss: 0.22579945733156753, target is 20.670000076293945
20.229286
Type: Open, round: 3, Epoch 263, train loss: 0.03659763606310795 test loss: 0.22942618254786304, target is 20.670000076293945
20.535336
Type: Open, round: 3, Epoch 264, train loss: 0.04507449185110195 test loss: 0.237082274151753, target is 20.670000076293945
20.011868
Type: Open, round: 3, Epoch 268, train loss: 0.04260381484989524 test loss: 0.2355184127743674, target is 20.670000076293945
19.5425
Type: Open, round: 3, Epoch 269, train loss: 0.042299811229418394 test loss: 0.23009288820850066, target is 20.670000076293945
19.370245
Type: Open, round: 3, Epoch 270, train loss: 0.04212317649858984 test loss: 0.22862360187001088, target is 20.670000076293945
20.154873
Type: Open, round: 3, Epoch 274, train loss: 0.03691010709984498 test loss: 0.2277643168659339, target is 20.670000076293945
20.2897
Type: Open, round: 3, Epoch 275, train loss: 0.04374548779341723 test loss: 0.23564549856855632, target is 20.670000076293945
20.066702
Type: Open, round: 3, Epoch 279, train loss: 0.036260668511959075 test loss: 0.23766708881664997, target is 20.670000076293945
20.738678
Type: Open, round: 3, Epoch 280, train loss: 0.04742278332339644 test loss: 0.2357649149890639, target is 20.670000076293945
19.362047
Type: Open, round: 3, Epoch 281, train loss: 0.040015699242519145 test loss: 0.22918787013436037, target is 20.670000076293945
19.89014
Type: Open, round: 3, Epoch 282, train loss: 0.037066630051224035 test loss: 0.23361467114769452, target is 20.670000076293945
20.302217
Type: Open, round: 3, Epoch 284, train loss: 0.03939181794774332 test loss: 0.2324022073776033, target is 20.670000076293945
20.019106
Type: Open, round: 3, Epoch 286, train loss: 0.03632793214646928 test loss: 0.23282058639660547, target is 20.670000076293945
20.315058
Type: Open, round: 3, Epoch 288, train loss: 0.045718176705492795 test loss: 0.2389280893908759, target is 20.670000076293945
19.231354
Type: Open, round: 3, Epoch 291, train loss: 0.047317831214446875 test loss: 0.2187597375350717, target is 20.670000076293945
20.144405
Type: Open, round: 3, Epoch 293, train loss: 0.03792396955584266 test loss: 0.21736545733664045, target is 20.670000076293945
20.3453
Type: Open, round: 3, Epoch 295, train loss: 0.04430439341294901 test loss: 0.2406065614005904, target is 20.670000076293945
19.915731
Type: Open, round: 3, Epoch 297, train loss: 0.038344402172064036 test loss: 0.23248318794801656, target is 20.670000076293945
20.18023
Type: Open, round: 3, Epoch 298, train loss: 0.036450984237959595 test loss: 0.23046590088368124, target is 20.670000076293945
20.595236
Type: Open, round: 3, Epoch 299, train loss: 0.044810103714528954 test loss: 0.2335658212075854, target is 20.670000076293945
Round is: 3, Type is: Open, Final train loss is: 0.044810103714528954, Test loss is: 0.2335658212075854, target is: 20.670000076293945
[20.595236]
round is 4
Round is: 4, Type is: Open, Final train loss is: 0.056393320126012794, Test loss is: 0.09653395337719556, target is: 20.670000076293945
[18.095928]
Final predict for Open is: 19.979045867919922, target is 20.670000076293945
round is 0
Round is: 0, Type is: Close, Final train loss is: 0.05991428043136523, Test loss is: 0.3625146883354841, target is: 20.600000381469727
[19.256329]
round is 1
Round is: 1, Type is: Close, Final train loss is: 0.053232062213309235, Test loss is: 0.18226681017945523, target is: 20.600000381469727
[19.783056]
round is 2
Round is: 2, Type is: Close, Final train loss is: 0.08536994490849874, Test loss is: 0.055562435367542906, target is: 20.600000381469727
[18.539913]
round is 3
20.978743
Type: Close, round: 3, Epoch 124, train loss: 0.04925542750787272 test loss: 0.19389620206662972, target is 20.600000381469727
21.274075
Type: Close, round: 3, Epoch 130, train loss: 0.049978694715056254 test loss: 0.19448563444459097, target is 20.600000381469727
20.462494
Type: Close, round: 3, Epoch 131, train loss: 0.0493074473060677 test loss: 0.19351839114358466, target is 20.600000381469727
20.725222
Type: Close, round: 3, Epoch 135, train loss: 0.047955122398271474 test loss: 0.19656601183247946, target is 20.600000381469727
20.420355
Type: Close, round: 3, Epoch 140, train loss: 0.0466516834765425 test loss: 0.19482636533802442, target is 20.600000381469727
20.006086
Type: Close, round: 3, Epoch 151, train loss: 0.04814207805035381 test loss: 0.18930929686941306, target is 20.600000381469727
20.558388
Type: Close, round: 3, Epoch 154, train loss: 0.04943345613201827 test loss: 0.19946219254726777, target is 20.600000381469727
20.103792
Type: Close, round: 3, Epoch 155, train loss: 0.048921884039699805 test loss: 0.1949182953501611, target is 20.600000381469727
20.072762
Type: Close, round: 3, Epoch 156, train loss: 0.047004936523169 test loss: 0.1857481344685812, target is 20.600000381469727
20.62464
Type: Close, round: 3, Epoch 157, train loss: 0.04549263158996815 test loss: 0.19370772668669106, target is 20.600000381469727
20.142937
Type: Close, round: 3, Epoch 160, train loss: 0.04454225706384372 test loss: 0.18938788031462045, target is 20.600000381469727
20.10097
Type: Close, round: 3, Epoch 161, train loss: 0.04445288226945459 test loss: 0.18888491518366932, target is 20.600000381469727
20.816353
Type: Close, round: 3, Epoch 166, train loss: 0.04316583650575525 test loss: 0.18774408597712997, target is 20.600000381469727
20.84945
Type: Close, round: 3, Epoch 169, train loss: 0.04664903646132276 test loss: 0.1973518439499079, target is 20.600000381469727
20.808676
Type: Close, round: 3, Epoch 171, train loss: 0.04557281899125339 test loss: 0.19702303916777508, target is 20.600000381469727
21.068563
Type: Close, round: 3, Epoch 173, train loss: 0.04622514708963442 test loss: 0.19858685505129364, target is 20.600000381469727
19.942398
Type: Close, round: 3, Epoch 174, train loss: 0.04794744519055654 test loss: 0.18850525041734117, target is 20.600000381469727
20.03746
Type: Close, round: 3, Epoch 175, train loss: 0.0444671059172225 test loss: 0.1891458846107235, target is 20.600000381469727
20.867996
Type: Close, round: 3, Epoch 177, train loss: 0.04840435556333051 test loss: 0.19638442761088018, target is 20.600000381469727
20.783726
Type: Close, round: 3, Epoch 178, train loss: 0.04915804358924743 test loss: 0.1987073090981831, target is 20.600000381469727
20.475971
Type: Close, round: 3, Epoch 180, train loss: 0.04611026248740767 test loss: 0.19338912722334792, target is 20.600000381469727
20.656479
Type: Close, round: 3, Epoch 182, train loss: 0.0443638353807245 test loss: 0.1918468439161454, target is 20.600000381469727
20.611282
Type: Close, round: 3, Epoch 185, train loss: 0.04418704006702156 test loss: 0.19353230641313698, target is 20.600000381469727
20.137188
Type: Close, round: 3, Epoch 186, train loss: 0.04511729643707519 test loss: 0.18793085759041053, target is 20.600000381469727
19.831457
Type: Close, round: 3, Epoch 190, train loss: 0.047171271364908604 test loss: 0.18212524726923254, target is 20.600000381469727
20.355873
Type: Close, round: 3, Epoch 191, train loss: 0.04219856261921546 test loss: 0.18450650811295183, target is 20.600000381469727
20.685198
Type: Close, round: 3, Epoch 192, train loss: 0.042992279841659556 test loss: 0.18825990911300378, target is 20.600000381469727
20.76483
Type: Close, round: 3, Epoch 193, train loss: 0.044836483832619 test loss: 0.18954700118854403, target is 20.600000381469727
19.903135
Type: Close, round: 3, Epoch 194, train loss: 0.0420237984678479 test loss: 0.18393334447829604, target is 20.600000381469727
19.669695
Type: Close, round: 3, Epoch 195, train loss: 0.04847393712946741 test loss: 0.18306374396528724, target is 20.600000381469727
19.655811
Type: Close, round: 3, Epoch 196, train loss: 0.04878566459188351 test loss: 0.18600438532643188, target is 20.600000381469727
20.699858
Type: Close, round: 3, Epoch 197, train loss: 0.043822496626370167 test loss: 0.19193603667613535, target is 20.600000381469727
20.358511
Type: Close, round: 3, Epoch 201, train loss: 0.040151855881435564 test loss: 0.1883134031207547, target is 20.600000381469727
19.72601
Type: Close, round: 3, Epoch 202, train loss: 0.047541538364538734 test loss: 0.1824653578217512, target is 20.600000381469727
20.740541
Type: Close, round: 3, Epoch 203, train loss: 0.047836400856108734 test loss: 0.19315418841065377, target is 20.600000381469727
20.18446
Type: Close, round: 3, Epoch 204, train loss: 0.04044508341414336 test loss: 0.1893010175967144, target is 20.600000381469727
19.901
Type: Close, round: 3, Epoch 206, train loss: 0.04253839942236061 test loss: 0.18670437547690627, target is 20.600000381469727
19.859581
Type: Close, round: 3, Epoch 207, train loss: 0.04392749306972397 test loss: 0.18527759829816537, target is 20.600000381469727
20.95108
Type: Close, round: 3, Epoch 208, train loss: 0.04998732566443267 test loss: 0.1931132888703853, target is 20.600000381469727
21.05438
Type: Close, round: 3, Epoch 210, train loss: 0.047415944693782894 test loss: 0.19521388831989683, target is 20.600000381469727
19.94667
Type: Close, round: 3, Epoch 211, train loss: 0.04213849378826842 test loss: 0.18993575766825904, target is 20.600000381469727
20.303015
Type: Close, round: 3, Epoch 212, train loss: 0.039458868484486424 test loss: 0.18808749145200446, target is 20.600000381469727
20.24898
Type: Close, round: 3, Epoch 213, train loss: 0.03927264517099961 test loss: 0.18649397317653446, target is 20.600000381469727
19.834282
Type: Close, round: 3, Epoch 215, train loss: 0.044606030375944135 test loss: 0.192608018601708, target is 20.600000381469727
20.415451
Type: Close, round: 3, Epoch 218, train loss: 0.045243770548462695 test loss: 0.1879315335095509, target is 20.600000381469727
19.785465
Type: Close, round: 3, Epoch 220, train loss: 0.048823619697216325 test loss: 0.18552006815022842, target is 20.600000381469727
19.793255
Type: Close, round: 3, Epoch 221, train loss: 0.04778960662575291 test loss: 0.18229428839603595, target is 20.600000381469727
20.286036
Type: Close, round: 3, Epoch 223, train loss: 0.039923816636261565 test loss: 0.18902383493453903, target is 20.600000381469727
20.227201
Type: Close, round: 3, Epoch 226, train loss: 0.04158256089176826 test loss: 0.1889399285324255, target is 20.600000381469727
19.824095
Type: Close, round: 3, Epoch 227, train loss: 0.045778434998549125 test loss: 0.18084778847359503, target is 20.600000381469727
20.84327
Type: Close, round: 3, Epoch 228, train loss: 0.04743223987105617 test loss: 0.1899434228250131, target is 20.600000381469727
20.70533
Type: Close, round: 3, Epoch 231, train loss: 0.04143429604845281 test loss: 0.18844722725911334, target is 20.600000381469727
19.889986
Type: Close, round: 3, Epoch 232, train loss: 0.04464903103128209 test loss: 0.18840396785295999, target is 20.600000381469727
20.55362
Type: Close, round: 3, Epoch 233, train loss: 0.039581481469528286 test loss: 0.18875948732905234, target is 20.600000381469727
21.045698
Type: Close, round: 3, Epoch 234, train loss: 0.04534750438675364 test loss: 0.19286019095947712, target is 20.600000381469727
20.56543
Type: Close, round: 3, Epoch 235, train loss: 0.03944500798018553 test loss: 0.1919209568664201, target is 20.600000381469727
20.363346
Type: Close, round: 3, Epoch 239, train loss: 0.041442880672167386 test loss: 0.18177343791903192, target is 20.600000381469727
19.749681
Type: Close, round: 3, Epoch 241, train loss: 0.0465130958058377 test loss: 0.18101656509019592, target is 20.600000381469727
20.543545
Type: Close, round: 3, Epoch 242, train loss: 0.04158637774448876 test loss: 0.1889489372779522, target is 20.600000381469727
19.873178
Type: Close, round: 3, Epoch 243, train loss: 0.042557974338691185 test loss: 0.18156752518300684, target is 20.600000381469727
19.785994
Type: Close, round: 3, Epoch 244, train loss: 0.04483030370489614 test loss: 0.18016861708949578, target is 20.600000381469727
20.591818
Type: Close, round: 3, Epoch 246, train loss: 0.03942224538322288 test loss: 0.18947392965624893, target is 20.600000381469727
20.982506
Type: Close, round: 3, Epoch 248, train loss: 0.04489755141910758 test loss: 0.1951807697256149, target is 20.600000381469727
20.422674
Type: Close, round: 3, Epoch 249, train loss: 0.03949887780999723 test loss: 0.1869559498569373, target is 20.600000381469727
20.000002
Type: Close, round: 3, Epoch 251, train loss: 0.04188422643709588 test loss: 0.18864269900423727, target is 20.600000381469727
20.080505
Type: Close, round: 3, Epoch 252, train loss: 0.04034737536722278 test loss: 0.18657999553895788, target is 20.600000381469727
20.642567
Type: Close, round: 3, Epoch 255, train loss: 0.04516210779972943 test loss: 0.2004835248250747, target is 20.600000381469727
20.223118
Type: Close, round: 3, Epoch 256, train loss: 0.03832583978073163 test loss: 0.19221640106056487, target is 20.600000381469727
20.008392
Type: Close, round: 3, Epoch 257, train loss: 0.03864163699273262 test loss: 0.1851214583387036, target is 20.600000381469727
20.198868
Type: Close, round: 3, Epoch 258, train loss: 0.040850973676198575 test loss: 0.19488348197246047, target is 20.600000381469727
21.20227
Type: Close, round: 3, Epoch 259, train loss: 0.04784000597936583 test loss: 0.18913726754685775, target is 20.600000381469727
21.204773
Type: Close, round: 3, Epoch 260, train loss: 0.0474775495127661 test loss: 0.18797847794523254, target is 20.600000381469727
20.376879
Type: Close, round: 3, Epoch 261, train loss: 0.03928959139494128 test loss: 0.17840303604310712, target is 20.600000381469727
20.772472
Type: Close, round: 3, Epoch 262, train loss: 0.042838891017938426 test loss: 0.18959653480035119, target is 20.600000381469727
20.78522
Type: Close, round: 3, Epoch 263, train loss: 0.04474584057639377 test loss: 0.1859675985155044, target is 20.600000381469727
19.76013
Type: Close, round: 3, Epoch 264, train loss: 0.04193280318937838 test loss: 0.17553076624659533, target is 20.600000381469727
20.75919
Type: Close, round: 3, Epoch 267, train loss: 0.03978267060222511 test loss: 0.1893602446227621, target is 20.600000381469727
20.070778
Type: Close, round: 3, Epoch 268, train loss: 0.040608605820642005 test loss: 0.1799069598596247, target is 20.600000381469727
20.157362
Type: Close, round: 3, Epoch 269, train loss: 0.03710233080066783 test loss: 0.17748633387364804, target is 20.600000381469727
21.011744
Type: Close, round: 3, Epoch 270, train loss: 0.04644117869453372 test loss: 0.18370697181342868, target is 20.600000381469727
20.941206
Type: Close, round: 3, Epoch 272, train loss: 0.04265526891308688 test loss: 0.19095356650017317, target is 20.600000381469727
20.528568
Type: Close, round: 3, Epoch 273, train loss: 0.03805356054565261 test loss: 0.18136055972333384, target is 20.600000381469727
20.824905
Type: Close, round: 3, Epoch 274, train loss: 0.04241907439252438 test loss: 0.18440151379038078, target is 20.600000381469727
19.98692
Type: Close, round: 3, Epoch 275, train loss: 0.04382372853736372 test loss: 0.1847489110231277, target is 20.600000381469727
21.26271
Type: Close, round: 3, Epoch 276, train loss: 0.0482002310298811 test loss: 0.18877024391988795, target is 20.600000381469727
20.196842
Type: Close, round: 3, Epoch 278, train loss: 0.03848988817393064 test loss: 0.17998527275525478, target is 20.600000381469727
20.038734
Type: Close, round: 3, Epoch 279, train loss: 0.040821400253209655 test loss: 0.17977569221190032, target is 20.600000381469727
19.941658
Type: Close, round: 3, Epoch 280, train loss: 0.04383500365212671 test loss: 0.18350748857078356, target is 20.600000381469727
20.612251
Type: Close, round: 3, Epoch 281, train loss: 0.03809144347880917 test loss: 0.18401856731557095, target is 20.600000381469727
19.761007
Type: Close, round: 3, Epoch 282, train loss: 0.04363192772222613 test loss: 0.1769393101018922, target is 20.600000381469727
20.836933
Type: Close, round: 3, Epoch 283, train loss: 0.045817684350754805 test loss: 0.19026781267834517, target is 20.600000381469727
19.46311
Type: Close, round: 3, Epoch 284, train loss: 0.04519644452940967 test loss: 0.18659646003972324, target is 20.600000381469727
19.929611
Type: Close, round: 3, Epoch 285, train loss: 0.03838813927503617 test loss: 0.18812832017217415, target is 20.600000381469727
19.643608
Type: Close, round: 3, Epoch 286, train loss: 0.04154961036654765 test loss: 0.18176481539303518, target is 20.600000381469727
19.600933
Type: Close, round: 3, Epoch 287, train loss: 0.04043949920802567 test loss: 0.18211793981784444, target is 20.600000381469727
20.397133
Type: Close, round: 3, Epoch 290, train loss: 0.03615866274273239 test loss: 0.1873845959494705, target is 20.600000381469727
20.543978
Type: Close, round: 3, Epoch 292, train loss: 0.03939273108176362 test loss: 0.18956658938756515, target is 20.600000381469727
20.58325
Type: Close, round: 3, Epoch 293, train loss: 0.037894331012806946 test loss: 0.18895426371647545, target is 20.600000381469727
20.54191
Type: Close, round: 3, Epoch 294, train loss: 0.037293367221028474 test loss: 0.18379455378503085, target is 20.600000381469727
19.760212
Type: Close, round: 3, Epoch 295, train loss: 0.044347760906476866 test loss: 0.1817218471832222, target is 20.600000381469727
20.316248
Type: Close, round: 3, Epoch 296, train loss: 0.0370335087295449 test loss: 0.19024487603613985, target is 20.600000381469727
20.914564
Type: Close, round: 3, Epoch 297, train loss: 0.04159883478312356 test loss: 0.1933567674198554, target is 20.600000381469727
20.725777
Type: Close, round: 3, Epoch 298, train loss: 0.04077065754306031 test loss: 0.18700798810442873, target is 20.600000381469727
20.319729
Type: Close, round: 3, Epoch 299, train loss: 0.03912852601236521 test loss: 0.1808265965635234, target is 20.600000381469727
Round is: 3, Type is: Close, Final train loss is: 0.03912852601236521, Test loss is: 0.1808265965635234, target is: 20.600000381469727
[20.319729]
round is 4
Round is: 4, Type is: Close, Final train loss is: 0.07318327989360615, Test loss is: 0.11672414258001881, target is: 20.600000381469727
[19.672365]
Final predict for Close is: 20.368980407714844, target is 20.600000381469727
round is 0
Round is: 0, Type is: High, Final train loss is: 0.06662737339494784, Test loss is: 0.2517288495440819, target is: 20.670000076293945
[19.760824]
round is 1
20.148182
Type: High, round: 1, Epoch 201, train loss: 0.049822667652116154 test loss: 0.20373707513636843, target is 20.670000076293945
20.279415
Type: High, round: 1, Epoch 202, train loss: 0.04947937950810406 test loss: 0.2094453380350916, target is 20.670000076293945
20.26764
Type: High, round: 1, Epoch 227, train loss: 0.04839498044587359 test loss: 0.2065400166739097, target is 20.670000076293945
19.803747
Type: High, round: 1, Epoch 232, train loss: 0.04728225293553303 test loss: 0.21534591635142514, target is 20.670000076293945
20.359549
Type: High, round: 1, Epoch 233, train loss: 0.04720199896045402 test loss: 0.2086131025719652, target is 20.670000076293945
20.113064
Type: High, round: 1, Epoch 241, train loss: 0.04693023887211914 test loss: 0.21727778109029827, target is 20.670000076293945
20.106615
Type: High, round: 1, Epoch 243, train loss: 0.048641581419431236 test loss: 0.20481552952914608, target is 20.670000076293945
19.939909
Type: High, round: 1, Epoch 248, train loss: 0.042266763886966686 test loss: 0.21291284765023, target is 20.670000076293945
20.497131
Type: High, round: 1, Epoch 249, train loss: 0.04758432861653235 test loss: 0.20990232812361703, target is 20.670000076293945
18.940779
Type: High, round: 1, Epoch 250, train loss: 0.0499876115452397 test loss: 0.23720270562309703, target is 20.670000076293945
19.86367
Type: High, round: 1, Epoch 251, train loss: 0.048034802099189186 test loss: 0.2066816687640173, target is 20.670000076293945
20.44064
Type: High, round: 1, Epoch 253, train loss: 0.04598211425406012 test loss: 0.2336678515044168, target is 20.670000076293945
21.054155
Type: High, round: 1, Epoch 254, train loss: 0.04855720277749324 test loss: 0.20725936899913075, target is 20.670000076293945
20.597284
Type: High, round: 1, Epoch 256, train loss: 0.04652057651142329 test loss: 0.22288878889804364, target is 20.670000076293945
19.813456
Type: High, round: 1, Epoch 258, train loss: 0.04142037264975973 test loss: 0.22819456508534963, target is 20.670000076293945
20.209429
Type: High, round: 1, Epoch 260, train loss: 0.039158499899336986 test loss: 0.21345765562190155, target is 20.670000076293945
20.032164
Type: High, round: 1, Epoch 261, train loss: 0.04838485883227304 test loss: 0.23049342390909122, target is 20.670000076293945
20.024834
Type: High, round: 1, Epoch 265, train loss: 0.042744110445394334 test loss: 0.23147720209044448, target is 20.670000076293945
19.985523
Type: High, round: 1, Epoch 266, train loss: 0.04397265863673491 test loss: 0.247774884256905, target is 20.670000076293945
20.36949
Type: High, round: 1, Epoch 267, train loss: 0.04328726779994309 test loss: 0.24381035550181857, target is 20.670000076293945
20.718983
Type: High, round: 1, Epoch 268, train loss: 0.04709438930119334 test loss: 0.23384945841365423, target is 20.670000076293945
21.42632
Type: High, round: 1, Epoch 269, train loss: 0.048019830575631965 test loss: 0.22981406220047676, target is 20.670000076293945
21.232462
Type: High, round: 1, Epoch 270, train loss: 0.0480035694739917 test loss: 0.2286236531573779, target is 20.670000076293945
20.556103
Type: High, round: 1, Epoch 271, train loss: 0.04598751677902154 test loss: 0.21885443702530424, target is 20.670000076293945
20.420437
Type: High, round: 1, Epoch 272, train loss: 0.042244123803804566 test loss: 0.22005631847366008, target is 20.670000076293945
19.546595
Type: High, round: 1, Epoch 273, train loss: 0.04653339778026122 test loss: 0.22824748426325703, target is 20.670000076293945
20.192524
Type: High, round: 1, Epoch 275, train loss: 0.04984219008806704 test loss: 0.21049101129697204, target is 20.670000076293945
20.568216
Type: High, round: 1, Epoch 277, train loss: 0.04149515469872262 test loss: 0.2127358465880491, target is 20.670000076293945
19.817278
Type: High, round: 1, Epoch 280, train loss: 0.04848454146378962 test loss: 0.22487674387486803, target is 20.670000076293945
20.83167
Type: High, round: 1, Epoch 281, train loss: 0.04964809391380939 test loss: 0.21824956823655897, target is 20.670000076293945
19.253923
Type: High, round: 1, Epoch 282, train loss: 0.04609531771958189 test loss: 0.24501786715311025, target is 20.670000076293945
20.668358
Type: High, round: 1, Epoch 283, train loss: 0.046487498963398606 test loss: 0.20771582447243178, target is 20.670000076293945
19.13401
Type: High, round: 1, Epoch 285, train loss: 0.04662983259426582 test loss: 0.24615835016430548, target is 20.670000076293945
19.921053
Type: High, round: 1, Epoch 286, train loss: 0.049746445898981195 test loss: 0.22597246987224512, target is 20.670000076293945
19.957207
Type: High, round: 1, Epoch 287, train loss: 0.042530506911838094 test loss: 0.22705959475777107, target is 20.670000076293945
21.379992
Type: High, round: 1, Epoch 288, train loss: 0.049324378019592684 test loss: 0.1995101950079679, target is 20.670000076293945
20.075508
Type: High, round: 1, Epoch 289, train loss: 0.04678045180447586 test loss: 0.21723661050819304, target is 20.670000076293945
20.56338
Type: High, round: 1, Epoch 291, train loss: 0.03876256704169416 test loss: 0.23038156465575094, target is 20.670000076293945
19.99062
Type: High, round: 1, Epoch 292, train loss: 0.03925076128820932 test loss: 0.23875501938293484, target is 20.670000076293945
19.62645
Type: High, round: 1, Epoch 293, train loss: 0.043627865688642346 test loss: 0.21728259296068184, target is 20.670000076293945
20.669008
Type: High, round: 1, Epoch 294, train loss: 0.0442373856919864 test loss: 0.24771737198987093, target is 20.670000076293945
20.519085
Type: High, round: 1, Epoch 296, train loss: 0.042736227345384355 test loss: 0.18753204697194423, target is 20.670000076293945
20.052732
Type: High, round: 1, Epoch 299, train loss: 0.042663905595747544 test loss: 0.2162366215914269, target is 20.670000076293945
Round is: 1, Type is: High, Final train loss is: 0.042663905595747544, Test loss is: 0.2162366215914269, target is: 20.670000076293945
[20.052732]
round is 2
Round is: 2, Type is: High, Final train loss is: 0.09741333814520159, Test loss is: 0.08501042861199343, target is: 20.670000076293945
[18.803352]
round is 3
Round is: 3, Type is: High, Final train loss is: 0.034843474442207666, Test loss is: 0.11811893698711642, target is: 20.670000076293945
[20.25498]
round is 4
Round is: 4, Type is: High, Final train loss is: 0.05930509632332434, Test loss is: 0.08512889418651867, target is: 20.670000076293945
[20.550669]
Final predict for High is: 20.231828689575195, target is 20.670000076293945
round is 0
Round is: 0, Type is: Low, Final train loss is: 0.05329959223747354, Test loss is: 0.24198705971405118, target is: 20.059999465942383
[19.388136]
round is 1
Round is: 1, Type is: Low, Final train loss is: 0.06445884773935527, Test loss is: 0.1297236233091298, target is: 20.059999465942383
[19.028114]
round is 2
Round is: 2, Type is: Low, Final train loss is: 0.06465526554387761, Test loss is: 0.056974694878369765, target is: 20.059999465942383
[20.369507]
round is 3
20.123142
Type: Low, round: 3, Epoch 126, train loss: 0.04537913047449361 test loss: 0.15034114030831103, target is 20.059999465942383
20.086882
Type: Low, round: 3, Epoch 128, train loss: 0.044650071904520534 test loss: 0.15143355957425034, target is 20.059999465942383
20.008072
Type: Low, round: 3, Epoch 132, train loss: 0.04246315784003223 test loss: 0.15047014979250423, target is 20.059999465942383
20.29014
Type: Low, round: 3, Epoch 133, train loss: 0.04460378361829327 test loss: 0.1517749766288029, target is 20.059999465942383
19.831825
Type: Low, round: 3, Epoch 137, train loss: 0.04523291275243212 test loss: 0.15240612573029744, target is 20.059999465942383
19.865808
Type: Low, round: 3, Epoch 139, train loss: 0.04229622769128001 test loss: 0.15113604572606762, target is 20.059999465942383
19.745186
Type: Low, round: 3, Epoch 143, train loss: 0.0437722276955999 test loss: 0.1562831655855453, target is 20.059999465942383
19.963032
Type: Low, round: 3, Epoch 144, train loss: 0.043886891428117296 test loss: 0.15711794069500157, target is 20.059999465942383
20.088373
Type: Low, round: 3, Epoch 148, train loss: 0.04756898165915624 test loss: 0.15558911623045643, target is 20.059999465942383
19.3539
Type: Low, round: 3, Epoch 150, train loss: 0.04335339298879647 test loss: 0.1526540680008688, target is 20.059999465942383
19.212877
Type: Low, round: 3, Epoch 151, train loss: 0.04580094541676068 test loss: 0.15288850063437964, target is 20.059999465942383
19.422728
Type: Low, round: 3, Epoch 153, train loss: 0.04248316130758458 test loss: 0.15675378474080492, target is 20.059999465942383
19.656042
Type: Low, round: 3, Epoch 155, train loss: 0.04067359347535982 test loss: 0.15772608821629258, target is 20.059999465942383
20.262953
Type: Low, round: 3, Epoch 158, train loss: 0.04347953136617083 test loss: 0.15713239933570508, target is 20.059999465942383
20.63875
Type: Low, round: 3, Epoch 159, train loss: 0.04495807556718261 test loss: 0.15844126822038432, target is 20.059999465942383
20.3301
Type: Low, round: 3, Epoch 164, train loss: 0.04149401702337907 test loss: 0.15580417002231453, target is 20.059999465942383
19.86451
Type: Low, round: 3, Epoch 165, train loss: 0.04114367309908228 test loss: 0.1567951884390071, target is 20.059999465942383
20.800295
Type: Low, round: 3, Epoch 166, train loss: 0.04359828766440681 test loss: 0.1574319256297957, target is 20.059999465942383
19.937538
Type: Low, round: 3, Epoch 167, train loss: 0.039792182472809835 test loss: 0.1521267975666905, target is 20.059999465942383
20.608856
Type: Low, round: 3, Epoch 168, train loss: 0.04156579578093023 test loss: 0.15497975806806719, target is 20.059999465942383
20.14086
Type: Low, round: 3, Epoch 170, train loss: 0.039028194872849 test loss: 0.1543431162289096, target is 20.059999465942383
19.818228
Type: Low, round: 3, Epoch 171, train loss: 0.03979254620261342 test loss: 0.15345955244223086, target is 20.059999465942383
19.74896
Type: Low, round: 3, Epoch 172, train loss: 0.04544552307189348 test loss: 0.1588529002217665, target is 20.059999465942383
19.391497
Type: Low, round: 3, Epoch 173, train loss: 0.045650366634621097 test loss: 0.15384334000014152, target is 20.059999465942383
19.755838
Type: Low, round: 3, Epoch 174, train loss: 0.0406518748649395 test loss: 0.15541571845451352, target is 20.059999465942383
19.400824
Type: Low, round: 3, Epoch 179, train loss: 0.0483279212718128 test loss: 0.15556447091103504, target is 20.059999465942383
19.893335
Type: Low, round: 3, Epoch 180, train loss: 0.04189289671020361 test loss: 0.15584080379871662, target is 20.059999465942383
20.520666
Type: Low, round: 3, Epoch 181, train loss: 0.04804236619555841 test loss: 0.16649005018537288, target is 20.059999465942383
20.430859
Type: Low, round: 3, Epoch 183, train loss: 0.04173825499949476 test loss: 0.1569010382068591, target is 20.059999465942383
20.252106
Type: Low, round: 3, Epoch 184, train loss: 0.03938130530487663 test loss: 0.15695273167190515, target is 20.059999465942383
20.497599
Type: Low, round: 3, Epoch 185, train loss: 0.03910793882249593 test loss: 0.15850400001697218, target is 20.059999465942383
20.320093
Type: Low, round: 3, Epoch 186, train loss: 0.03868410820598962 test loss: 0.15831093433599863, target is 20.059999465942383
19.979288
Type: Low, round: 3, Epoch 187, train loss: 0.039452906309071833 test loss: 0.156011843928039, target is 20.059999465942383
20.538538
Type: Low, round: 3, Epoch 188, train loss: 0.04055426899459819 test loss: 0.1601386779394509, target is 20.059999465942383
20.576468
Type: Low, round: 3, Epoch 189, train loss: 0.039861580854121295 test loss: 0.15983956564846857, target is 20.059999465942383
20.809532
Type: Low, round: 3, Epoch 190, train loss: 0.046752448990394144 test loss: 0.1649695285189532, target is 20.059999465942383
20.06182
Type: Low, round: 3, Epoch 192, train loss: 0.0401948584506762 test loss: 0.15654140876695033, target is 20.059999465942383
20.466473
Type: Low, round: 3, Epoch 193, train loss: 0.04014760754820597 test loss: 0.15920492703199787, target is 20.059999465942383
20.625174
Type: Low, round: 3, Epoch 194, train loss: 0.03813179529655694 test loss: 0.1579296757494766, target is 20.059999465942383
20.50386
Type: Low, round: 3, Epoch 195, train loss: 0.0406110074405834 test loss: 0.1623516829801117, target is 20.059999465942383
19.46849
Type: Low, round: 3, Epoch 196, train loss: 0.0484348657497916 test loss: 0.15676497348094195, target is 20.059999465942383
20.378132
Type: Low, round: 3, Epoch 197, train loss: 0.041530099841437455 test loss: 0.1602460082704214, target is 20.059999465942383
20.091072
Type: Low, round: 3, Epoch 198, train loss: 0.03814673171670836 test loss: 0.1575556872963946, target is 20.059999465942383
20.45343
Type: Low, round: 3, Epoch 200, train loss: 0.04237165904436775 test loss: 0.16282496172050756, target is 20.059999465942383
21.054337
Type: Low, round: 3, Epoch 205, train loss: 0.047634560545343894 test loss: 0.17028994147647358, target is 20.059999465942383
20.26597
Type: Low, round: 3, Epoch 206, train loss: 0.03733269227437275 test loss: 0.16021557196982425, target is 20.059999465942383
19.938915
Type: Low, round: 3, Epoch 207, train loss: 0.037847356120626015 test loss: 0.16260418240069133, target is 20.059999465942383
20.065907
Type: Low, round: 3, Epoch 208, train loss: 0.038876834887913936 test loss: 0.16184711432692456, target is 20.059999465942383
20.311377
Type: Low, round: 3, Epoch 209, train loss: 0.037897175372088504 test loss: 0.16350944026001432, target is 20.059999465942383
20.077776
Type: Low, round: 3, Epoch 210, train loss: 0.03711900758838521 test loss: 0.16210266617770044, target is 20.059999465942383
20.36517
Type: Low, round: 3, Epoch 211, train loss: 0.037291079471808604 test loss: 0.1632837578846231, target is 20.059999465942383
20.308681
Type: Low, round: 3, Epoch 212, train loss: 0.03783874660808575 test loss: 0.16194610842835097, target is 20.059999465942383
19.724346
Type: Low, round: 3, Epoch 215, train loss: 0.044034336158267906 test loss: 0.16095474493202022, target is 20.059999465942383
20.420448
Type: Low, round: 3, Epoch 217, train loss: 0.03950952765212312 test loss: 0.16632163116573662, target is 20.059999465942383
19.882748
Type: Low, round: 3, Epoch 218, train loss: 0.038308806789116565 test loss: 0.1645560007909322, target is 20.059999465942383
19.684399
Type: Low, round: 3, Epoch 219, train loss: 0.04077070098211215 test loss: 0.1595070549645409, target is 20.059999465942383
19.749937
Type: Low, round: 3, Epoch 220, train loss: 0.04301580533069939 test loss: 0.15655902258915372, target is 20.059999465942383
20.597996
Type: Low, round: 3, Epoch 221, train loss: 0.042945943883051105 test loss: 0.17233584683512343, target is 20.059999465942383
19.921396
Type: Low, round: 3, Epoch 222, train loss: 0.039631211892485314 test loss: 0.15932520177603568, target is 20.059999465942383
20.380291
Type: Low, round: 3, Epoch 224, train loss: 0.03788122808777645 test loss: 0.1675229426427632, target is 20.059999465942383
19.674175
Type: Low, round: 3, Epoch 225, train loss: 0.04194446430422795 test loss: 0.16302771393525184, target is 20.059999465942383
20.983158
Type: Low, round: 3, Epoch 226, train loss: 0.049631797811674275 test loss: 0.17289913138054835, target is 20.059999465942383
19.489258
Type: Low, round: 3, Epoch 227, train loss: 0.040116381509156904 test loss: 0.16482826215278884, target is 20.059999465942383
20.556412
Type: Low, round: 3, Epoch 228, train loss: 0.04645444518937605 test loss: 0.17550524111801932, target is 20.059999465942383
19.660812
Type: Low, round: 3, Epoch 229, train loss: 0.039945293568985636 test loss: 0.16813845393079055, target is 20.059999465942383
20.524996
Type: Low, round: 3, Epoch 231, train loss: 0.040466763604410726 test loss: 0.1694832750292088, target is 20.059999465942383
19.948647
Type: Low, round: 3, Epoch 232, train loss: 0.04429471718340745 test loss: 0.1609875482347486, target is 20.059999465942383
20.90779
Type: Low, round: 3, Epoch 233, train loss: 0.04375509426734386 test loss: 0.17096420559184589, target is 20.059999465942383
20.333586
Type: Low, round: 3, Epoch 235, train loss: 0.037097102745207514 test loss: 0.16877068240561227, target is 20.059999465942383
20.690474
Type: Low, round: 3, Epoch 236, train loss: 0.04559367092182589 test loss: 0.17140466547014607, target is 20.059999465942383
20.826376
Type: Low, round: 3, Epoch 238, train loss: 0.04286725070366328 test loss: 0.16544258887941735, target is 20.059999465942383
19.787722
Type: Low, round: 3, Epoch 239, train loss: 0.04251877958623983 test loss: 0.16279855483520703, target is 20.059999465942383
19.659584
Type: Low, round: 3, Epoch 240, train loss: 0.04469430642255445 test loss: 0.1618009341969132, target is 20.059999465942383
19.492275
Type: Low, round: 3, Epoch 243, train loss: 0.03886428792023923 test loss: 0.16566836199219254, target is 20.059999465942383/home/ubuntu/anaconda3/lib/python3.6/site-packages/h5py/__init__.py:36: FutureWarning: Conversion of the second argument of issubdtype from `float` to `np.floating` is deprecated. In future, it will be treated as `np.float64 == np.dtype(float).type`.
  from ._conv import register_converters as _register_converters

19.743614
Type: Low, round: 3, Epoch 244, train loss: 0.03854941009467497 test loss: 0.16255772444484257, target is 20.059999465942383
20.773144
Type: Low, round: 3, Epoch 245, train loss: 0.04425696119166657 test loss: 0.16617673378784703, target is 20.059999465942383
20.003736
Type: Low, round: 3, Epoch 246, train loss: 0.03870667377763641 test loss: 0.1589362077765794, target is 20.059999465942383
20.629984
Type: Low, round: 3, Epoch 248, train loss: 0.04032508124881764 test loss: 0.1700204836626669, target is 20.059999465942383
20.767616
Type: Low, round: 3, Epoch 249, train loss: 0.046015876264586086 test loss: 0.17152718657365285, target is 20.059999465942383
20.263342
Type: Low, round: 3, Epoch 250, train loss: 0.036197599201240195 test loss: 0.16461827810303056, target is 20.059999465942383
19.467209
Type: Low, round: 3, Epoch 251, train loss: 0.042358855470621175 test loss: 0.16710803278156974, target is 20.059999465942383
19.945229
Type: Low, round: 3, Epoch 252, train loss: 0.03818766320464341 test loss: 0.16446710942039966, target is 20.059999465942383
19.485989
Type: Low, round: 3, Epoch 256, train loss: 0.04465524308449342 test loss: 0.16178078060319837, target is 20.059999465942383
20.527838
Type: Low, round: 3, Epoch 260, train loss: 0.03708773616496861 test loss: 0.16333070927955345, target is 20.059999465942383
20.312393
Type: Low, round: 3, Epoch 262, train loss: 0.03968134631578397 test loss: 0.1677873732372549, target is 20.059999465942383
20.015413
Type: Low, round: 3, Epoch 263, train loss: 0.04064101496400277 test loss: 0.16201866485650918, target is 20.059999465942383
20.39975
Type: Low, round: 3, Epoch 264, train loss: 0.03723824041002664 test loss: 0.16748390509643493, target is 20.059999465942383
20.391787
Type: Low, round: 3, Epoch 265, train loss: 0.039274024462710194 test loss: 0.16915163490967608, target is 20.059999465942383
20.873505
Type: Low, round: 3, Epoch 266, train loss: 0.04887005865781838 test loss: 0.17295600920226695, target is 20.059999465942383
19.441738
Type: Low, round: 3, Epoch 267, train loss: 0.04513140676258235 test loss: 0.16250266088589724, target is 20.059999465942383
21.464615
Type: Low, round: 3, Epoch 268, train loss: 0.048657805015684605 test loss: 0.16679420763431926, target is 20.059999465942383
20.167316
Type: Low, round: 3, Epoch 269, train loss: 0.036428240157111096 test loss: 0.16774297411565509, target is 20.059999465942383
19.819582
Type: Low, round: 3, Epoch 270, train loss: 0.040183908473842296 test loss: 0.16358712716874757, target is 20.059999465942383
21.04725
Type: Low, round: 3, Epoch 273, train loss: 0.04585120515459368 test loss: 0.17508377084732876, target is 20.059999465942383
20.603905
Type: Low, round: 3, Epoch 275, train loss: 0.0414199863543024 test loss: 0.16528542891201609, target is 20.059999465942383
20.155008
Type: Low, round: 3, Epoch 276, train loss: 0.03805142282274306 test loss: 0.16377908018096338, target is 20.059999465942383
20.674965
Type: Low, round: 3, Epoch 277, train loss: 0.04398448428128281 test loss: 0.16944350118447726, target is 20.059999465942383
20.384478
Type: Low, round: 3, Epoch 278, train loss: 0.038670448520740884 test loss: 0.16915483512887106, target is 20.059999465942383
19.024387
Type: Low, round: 3, Epoch 280, train loss: 0.04755009024826307 test loss: 0.16404359516510256, target is 20.059999465942383
19.251444
Type: Low, round: 3, Epoch 282, train loss: 0.04464381125366374 test loss: 0.1657524767557794, target is 20.059999465942383
20.222702
Type: Low, round: 3, Epoch 283, train loss: 0.04314800513019499 test loss: 0.1786374264954393, target is 20.059999465942383
19.833881
Type: Low, round: 3, Epoch 284, train loss: 0.0358220171981817 test loss: 0.1698414475818533, target is 20.059999465942383
20.559744
Type: Low, round: 3, Epoch 287, train loss: 0.04549864792983901 test loss: 0.1754827358425135, target is 20.059999465942383
19.86139
Type: Low, round: 3, Epoch 288, train loss: 0.04285640783390609 test loss: 0.162805961198391, target is 20.059999465942383
20.10334
Type: Low, round: 3, Epoch 289, train loss: 0.036976537843702285 test loss: 0.16330736391152745, target is 20.059999465942383
19.998196
Type: Low, round: 3, Epoch 290, train loss: 0.036847493068293304 test loss: 0.16384758671893523, target is 20.059999465942383
20.468416
Type: Low, round: 3, Epoch 291, train loss: 0.037164201628437726 test loss: 0.1681998288935971, target is 20.059999465942383
19.592564
Type: Low, round: 3, Epoch 292, train loss: 0.04269152322800697 test loss: 0.16448626260327054, target is 20.059999465942383
19.612312
Type: Low, round: 3, Epoch 294, train loss: 0.0387313012856507 test loss: 0.1654657097600959, target is 20.059999465942383
20.231596
Type: Low, round: 3, Epoch 295, train loss: 0.03595495839936644 test loss: 0.16752347925813318, target is 20.059999465942383
19.651949
Type: Low, round: 3, Epoch 296, train loss: 0.03999055855308736 test loss: 0.1652859727916703, target is 20.059999465942383
19.693832
Type: Low, round: 3, Epoch 297, train loss: 0.03598326333915687 test loss: 0.16697480816461352, target is 20.059999465942383
20.740894
Type: Low, round: 3, Epoch 298, train loss: 0.04861003008828405 test loss: 0.17427945107682938, target is 20.059999465942383
20.35381
Type: Low, round: 3, Epoch 299, train loss: 0.04078092285143872 test loss: 0.17021390160977012, target is 20.059999465942383
Round is: 3, Type is: Low, Final train loss is: 0.04078092285143872, Test loss is: 0.17021390160977012, target is: 20.059999465942383
[20.35381]
round is 4
Round is: 4, Type is: Low, Final train loss is: 0.03794405478880124, Test loss is: 0.08540336861776207, target is: 20.059999465942383
[20.41922]
Final predict for Low is: 20.140869140625, target is 20.059999465942383
Final predict for Open is: 19.979045867919922, target is 20.670000076293945
Final predict for Close is: 20.368980407714844, target is 20.600000381469727
Final predict for High is: 20.231828689575195, target is 20.670000076293945
Final predict for Low is: 20.140869140625, target is 20.059999465942383
